# JRE version: OpenJDK Runtime Environment Temurin-17.0.3+7 (17.0.3+7) (build 17.0.3+7)
# Java VM: OpenJDK 64-Bit Server VM Temurin-17.0.3+7 (17.0.3+7, mixed mode, tiered, compressed oops, compressed class ptrs, g1 gc, windows-amd64)
GC Precious Log:
 CPUs: 4 total, 4 available
 Memory: 8072M
 Large Page Support: Disabled
 NUMA Support: Disabled
 Compressed Oops: Enabled (32-bit)
 Heap Region Size: 1M
 Heap Min Capacity: 8M
 Heap Initial Capacity: 128M
 Heap Max Capacity: 2020M
 Pre-touch: Disabled
 Parallel Workers: 4
 Concurrent Workers: 1
 Concurrent Refinement Workers: 4
 Periodic GC: Disabled
Heap:
 garbage-first heap   total 55296K, used 31644K [0x0000000081c00000, 0x0000000100000000)
  region size 1024K, 6 young (6144K), 2 survivors (2048K)
 Metaspace       used 72383K, committed 72832K, reserved 1114112K
  class space    used 9225K, committed 9408K, reserved 1048576K
GC Heap History (20 events):
Event: 1778.664 GC heap before
{Heap before GC invocations=39 (full 0):
 garbage-first heap   total 53248K, used 29694K [0x0000000081c00000, 0x0000000100000000)
  region size 1024K, 2 young (2048K), 1 survivors (1024K)
 Metaspace       used 71000K, committed 71424K, reserved 1114112K
  class space    used 9153K, committed 9344K, reserved 1048576K
}
Event: 1778.669 GC heap after
{Heap after GC invocations=40 (full 0):
 garbage-first heap   total 53248K, used 28506K [0x0000000081c00000, 0x0000000100000000)
  region size 1024K, 1 young (1024K), 1 survivors (1024K)
 Metaspace       used 71000K, committed 71424K, reserved 1114112K
  class space    used 9153K, committed 9344K, reserved 1048576K
}
Event: 1963.580 GC heap before
{Heap before GC invocations=40 (full 0):
 garbage-first heap   total 53248K, used 43866K [0x0000000081c00000, 0x0000000100000000)
  region size 1024K, 16 young (16384K), 1 survivors (1024K)
 Metaspace       used 71136K, committed 71552K, reserved 1114112K
  class space    used 9156K, committed 9344K, reserved 1048576K
}
Event: 1963.582 GC heap after
{Heap after GC invocations=41 (full 0):
 garbage-first heap   total 53248K, used 28978K [0x0000000081c00000, 0x0000000100000000)
  region size 1024K, 1 young (1024K), 1 survivors (1024K)
 Metaspace       used 71136K, committed 71552K, reserved 1114112K
  class space    used 9156K, committed 9344K, reserved 1048576K
}
Event: 2556.377 GC heap before
{Heap before GC invocations=42 (full 0):
 garbage-first heap   total 53248K, used 44338K [0x0000000081c00000, 0x0000000100000000)
  region size 1024K, 16 young (16384K), 1 survivors (1024K)
 Metaspace       used 71160K, committed 71552K, reserved 1114112K
  class space    used 9158K, committed 9344K, reserved 1048576K
}
Event: 2556.380 GC heap after
{Heap after GC invocations=43 (full 0):
 garbage-first heap   total 53248K, used 29014K [0x0000000081c00000, 0x0000000100000000)
  region size 1024K, 1 young (1024K), 1 survivors (1024K)
 Metaspace       used 71160K, committed 71552K, reserved 1114112K
  class space    used 9158K, committed 9344K, reserved 1048576K
}
Event: 2556.557 GC heap before
{Heap before GC invocations=43 (full 0):
 garbage-first heap   total 53248K, used 30038K [0x0000000081c00000, 0x0000000100000000)
  region size 1024K, 2 young (2048K), 1 survivors (1024K)
 Metaspace       used 71279K, committed 71680K, reserved 1114112K
  class space    used 9176K, committed 9344K, reserved 1048576K
}
Event: 2556.560 GC heap after
{Heap after GC invocations=44 (full 0):
 garbage-first heap   total 53248K, used 28697K [0x0000000081c00000, 0x0000000100000000)
  region size 1024K, 1 young (1024K), 1 survivors (1024K)
 Metaspace       used 71279K, committed 71680K, reserved 1114112K
  class space    used 9176K, committed 9344K, reserved 1048576K
}
Event: 2556.621 GC heap before
{Heap before GC invocations=44 (full 0):
 garbage-first heap   total 53248K, used 28697K [0x0000000081c00000, 0x0000000100000000)
  region size 1024K, 2 young (2048K), 1 survivors (1024K)
 Metaspace       used 71284K, committed 71680K, reserved 1114112K
  class space    used 9177K, committed 9344K, reserved 1048576K
}
Event: 2556.718 GC heap after
{Heap after GC invocations=45 (full 1):
 garbage-first heap   total 53248K, used 20657K [0x0000000081c00000, 0x0000000100000000)
  region size 1024K, 0 young (0K), 0 survivors (0K)
 Metaspace       used 71222K, committed 71680K, reserved 1114112K
  class space    used 9164K, committed 9344K, reserved 1048576K
}
Event: 2559.213 GC heap before
{Heap before GC invocations=45 (full 1):
 garbage-first heap   total 53248K, used 43185K [0x0000000081c00000, 0x0000000100000000)
  region size 1024K, 22 young (22528K), 0 survivors (0K)
 Metaspace       used 71520K, committed 71936K, reserved 1114112K
  class space    used 9185K, committed 9344K, reserved 1048576K
}
Event: 2559.217 GC heap after
{Heap after GC invocations=46 (full 1):
 garbage-first heap   total 53248K, used 22686K [0x0000000081c00000, 0x0000000100000000)
  region size 1024K, 2 young (2048K), 2 survivors (2048K)
 Metaspace       used 71520K, committed 71936K, reserved 1114112K
  class space    used 9185K, committed 9344K, reserved 1048576K
}
Event: 2560.527 GC heap before
{Heap before GC invocations=47 (full 1):
 garbage-first heap   total 53248K, used 42142K [0x0000000081c00000, 0x0000000100000000)
  region size 1024K, 21 young (21504K), 2 survivors (2048K)
 Metaspace       used 71796K, committed 72192K, reserved 1114112K
  class space    used 9199K, committed 9408K, reserved 1048576K
}
Event: 2560.533 GC heap after
{Heap after GC invocations=48 (full 1):
 garbage-first heap   total 53248K, used 24913K [0x0000000081c00000, 0x0000000100000000)
  region size 1024K, 3 young (3072K), 3 survivors (3072K)
 Metaspace       used 71796K, committed 72192K, reserved 1114112K
  class space    used 9199K, committed 9408K, reserved 1048576K
}
Event: 2561.138 GC heap before
{Heap before GC invocations=48 (full 1):
 garbage-first heap   total 53248K, used 40273K [0x0000000081c00000, 0x0000000100000000)
  region size 1024K, 18 young (18432K), 3 survivors (3072K)
 Metaspace       used 72029K, committed 72448K, reserved 1114112K
  class space    used 9206K, committed 9408K, reserved 1048576K
}
Event: 2561.143 GC heap after
{Heap after GC invocations=49 (full 1):
 garbage-first heap   total 53248K, used 25987K [0x0000000081c00000, 0x0000000100000000)
  region size 1024K, 2 young (2048K), 2 survivors (2048K)
 Metaspace       used 72029K, committed 72448K, reserved 1114112K
  class space    used 9206K, committed 9408K, reserved 1048576K
}
Event: 2561.995 GC heap before
{Heap before GC invocations=50 (full 1):
 garbage-first heap   total 53248K, used 40323K [0x0000000081c00000, 0x0000000100000000)
  region size 1024K, 16 young (16384K), 2 survivors (2048K)
 Metaspace       used 72151K, committed 72576K, reserved 1114112K
  class space    used 9212K, committed 9408K, reserved 1048576K
}
Event: 2561.999 GC heap after
{Heap after GC invocations=51 (full 1):
 garbage-first heap   total 53248K, used 26512K [0x0000000081c00000, 0x0000000100000000)
  region size 1024K, 2 young (2048K), 2 survivors (2048K)
 Metaspace       used 72151K, committed 72576K, reserved 1114112K
  class space    used 9212K, committed 9408K, reserved 1048576K
}
Event: 2563.254 GC heap before
{Heap before GC invocations=51 (full 1):
 garbage-first heap   total 53248K, used 40848K [0x0000000081c00000, 0x0000000100000000)
  region size 1024K, 16 young (16384K), 2 survivors (2048K)
 Metaspace       used 72348K, committed 72768K, reserved 1114112K
  class space    used 9224K, committed 9408K, reserved 1048576K
}
Event: 2563.262 GC heap after
{Heap after GC invocations=52 (full 1):
 garbage-first heap   total 53248K, used 28572K [0x0000000081c00000, 0x0000000100000000)
  region size 1024K, 2 young (2048K), 2 survivors (2048K)
 Metaspace       used 72348K, committed 72768K, reserved 1114112K
  class space    used 9224K, committed 9408K, reserved 1048576K
}

