# JRE version: OpenJDK Runtime Environment Temurin-17.0.3+7 (17.0.3+7) (build 17.0.3+7)
# Java VM: OpenJDK 64-Bit Server VM Temurin-17.0.3+7 (17.0.3+7, mixed mode, emulated-client, tiered, compressed oops, compressed class ptrs, g1 gc, windows-amd64)
GC Precious Log:
 CPUs: 4 total, 4 available
 Memory: 8072M
 Large Page Support: Disabled
 NUMA Support: Disabled
 Compressed Oops: Enabled (32-bit)
 Heap Region Size: 1M
 Heap Min Capacity: 8M
 Heap Initial Capacity: 128M
 Heap Max Capacity: 2020M
 Pre-touch: Disabled
 Parallel Workers: 4
 Concurrent Workers: 1
 Concurrent Refinement Workers: 4
 Periodic GC: Disabled
Heap:
 garbage-first heap   total 58368K, used 20112K [0x0000000081c00000, 0x0000000100000000)
  region size 1024K, 4 young (4096K), 1 survivors (1024K)
 Metaspace       used 40087K, committed 40448K, reserved 1089536K
  class space    used 5167K, committed 5376K, reserved 1048576K
GC Heap History (20 events):
Event: 2.287 GC heap before
{Heap before GC invocations=2 (full 0):
 garbage-first heap   total 131072K, used 29546K [0x0000000081c00000, 0x0000000100000000)
  region size 1024K, 24 young (24576K), 2 survivors (2048K)
 Metaspace       used 20872K, committed 21056K, reserved 1073152K
  class space    used 2410K, committed 2496K, reserved 1048576K
}
Event: 2.293 GC heap after
{Heap after GC invocations=3 (full 0):
 garbage-first heap   total 131072K, used 9485K [0x0000000081c00000, 0x0000000100000000)
  region size 1024K, 3 young (3072K), 3 survivors (3072K)
 Metaspace       used 20872K, committed 21056K, reserved 1073152K
  class space    used 2410K, committed 2496K, reserved 1048576K
}
Event: 2.347 GC heap before
{Heap before GC invocations=3 (full 0):
 garbage-first heap   total 131072K, used 12557K [0x0000000081c00000, 0x0000000100000000)
  region size 1024K, 7 young (7168K), 3 survivors (3072K)
 Metaspace       used 21297K, committed 21504K, reserved 1073152K
  class space    used 2480K, committed 2560K, reserved 1048576K
}
Event: 2.351 GC heap after
{Heap after GC invocations=4 (full 0):
 garbage-first heap   total 131072K, used 9731K [0x0000000081c00000, 0x0000000100000000)
  region size 1024K, 3 young (3072K), 3 survivors (3072K)
 Metaspace       used 21297K, committed 21504K, reserved 1073152K
  class space    used 2480K, committed 2560K, reserved 1048576K
}
Event: 2.867 GC heap before
{Heap before GC invocations=5 (full 0):
 garbage-first heap   total 37888K, used 28163K [0x0000000081c00000, 0x0000000100000000)
  region size 1024K, 22 young (22528K), 3 survivors (3072K)
 Metaspace       used 24734K, committed 25024K, reserved 1073152K
  class space    used 3066K, committed 3200K, reserved 1048576K
}
Event: 2.874 GC heap after
{Heap after GC invocations=6 (full 0):
 garbage-first heap   total 37888K, used 11003K [0x0000000081c00000, 0x0000000100000000)
  region size 1024K, 4 young (4096K), 4 survivors (4096K)
 Metaspace       used 24734K, committed 25024K, reserved 1073152K
  class space    used 3066K, committed 3200K, reserved 1048576K
}
Event: 2.896 GC heap before
{Heap before GC invocations=6 (full 0):
 garbage-first heap   total 37888K, used 11003K [0x0000000081c00000, 0x0000000100000000)
  region size 1024K, 5 young (5120K), 4 survivors (4096K)
 Metaspace       used 24910K, committed 25152K, reserved 1073152K
  class space    used 3085K, committed 3200K, reserved 1048576K
}
Event: 2.903 GC heap after
{Heap after GC invocations=7 (full 0):
 garbage-first heap   total 37888K, used 11078K [0x0000000081c00000, 0x0000000100000000)
  region size 1024K, 1 young (1024K), 1 survivors (1024K)
 Metaspace       used 24910K, committed 25152K, reserved 1073152K
  class space    used 3085K, committed 3200K, reserved 1048576K
}
Event: 3.062 GC heap before
{Heap before GC invocations=7 (full 0):
 garbage-first heap   total 37888K, used 23366K [0x0000000081c00000, 0x0000000100000000)
  region size 1024K, 14 young (14336K), 1 survivors (1024K)
 Metaspace       used 27634K, committed 27904K, reserved 1081344K
  class space    used 3350K, committed 3520K, reserved 1048576K
}
Event: 3.064 GC heap after
{Heap after GC invocations=8 (full 0):
 garbage-first heap   total 37888K, used 11348K [0x0000000081c00000, 0x0000000100000000)
  region size 1024K, 1 young (1024K), 1 survivors (1024K)
 Metaspace       used 27634K, committed 27904K, reserved 1081344K
  class space    used 3350K, committed 3520K, reserved 1048576K
}
Event: 3.262 GC heap before
{Heap before GC invocations=8 (full 0):
 garbage-first heap   total 37888K, used 25684K [0x0000000081c00000, 0x0000000100000000)
  region size 1024K, 15 young (15360K), 1 survivors (1024K)
 Metaspace       used 29781K, committed 30080K, reserved 1081344K
  class space    used 3658K, committed 3776K, reserved 1048576K
}
Event: 3.265 GC heap after
{Heap after GC invocations=9 (full 0):
 garbage-first heap   total 37888K, used 12089K [0x0000000081c00000, 0x0000000100000000)
  region size 1024K, 2 young (2048K), 2 survivors (2048K)
 Metaspace       used 29781K, committed 30080K, reserved 1081344K
  class space    used 3658K, committed 3776K, reserved 1048576K
}
Event: 3.614 GC heap before
{Heap before GC invocations=9 (full 0):
 garbage-first heap   total 37888K, used 26425K [0x0000000081c00000, 0x0000000100000000)
  region size 1024K, 16 young (16384K), 2 survivors (2048K)
 Metaspace       used 30765K, committed 31104K, reserved 1081344K
  class space    used 3821K, committed 3968K, reserved 1048576K
}
Event: 3.618 GC heap after
{Heap after GC invocations=10 (full 0):
 garbage-first heap   total 68608K, used 12923K [0x0000000081c00000, 0x0000000100000000)
  region size 1024K, 2 young (2048K), 2 survivors (2048K)
 Metaspace       used 30765K, committed 31104K, reserved 1081344K
  class space    used 3821K, committed 3968K, reserved 1048576K
}
Event: 5.111 GC heap before
{Heap before GC invocations=10 (full 0):
 garbage-first heap   total 68608K, used 45691K [0x0000000081c00000, 0x0000000100000000)
  region size 1024K, 36 young (36864K), 2 survivors (2048K)
 Metaspace       used 35783K, committed 36160K, reserved 1081344K
  class space    used 4589K, committed 4800K, reserved 1048576K
}
Event: 5.118 GC heap after
{Heap after GC invocations=11 (full 0):
 garbage-first heap   total 68608K, used 15609K [0x0000000081c00000, 0x0000000100000000)
  region size 1024K, 5 young (5120K), 5 survivors (5120K)
 Metaspace       used 35783K, committed 36160K, reserved 1081344K
  class space    used 4589K, committed 4800K, reserved 1048576K
}
Event: 5.999 GC heap before
{Heap before GC invocations=12 (full 0):
 garbage-first heap   total 58368K, used 45305K [0x0000000081c00000, 0x0000000100000000)
  region size 1024K, 34 young (34816K), 5 survivors (5120K)
 Metaspace       used 39272K, committed 39616K, reserved 1089536K
  class space    used 5069K, committed 5248K, reserved 1048576K
}
Event: 6.008 GC heap after
{Heap after GC invocations=13 (full 0):
 garbage-first heap   total 58368K, used 17971K [0x0000000081c00000, 0x0000000100000000)
  region size 1024K, 3 young (3072K), 3 survivors (3072K)
 Metaspace       used 39272K, committed 39616K, reserved 1089536K
  class space    used 5069K, committed 5248K, reserved 1048576K
}
Event: 6.041 GC heap before
{Heap before GC invocations=13 (full 0):
 garbage-first heap   total 58368K, used 17971K [0x0000000081c00000, 0x0000000100000000)
  region size 1024K, 4 young (4096K), 3 survivors (3072K)
 Metaspace       used 39467K, committed 39872K, reserved 1089536K
  class space    used 5106K, committed 5312K, reserved 1048576K
}
Event: 6.046 GC heap after
{Heap after GC invocations=14 (full 0):
 garbage-first heap   total 58368K, used 18064K [0x0000000081c00000, 0x0000000100000000)
  region size 1024K, 1 young (1024K), 1 survivors (1024K)
 Metaspace       used 39467K, committed 39872K, reserved 1089536K
  class space    used 5106K, committed 5312K, reserved 1048576K
}

